2024-09-24 23:43:58,372 [Worker-6: Loading available Gradle versions] INFO  o.e.b.c.i.u.g.PublishedGradleVersions - Gradle version information cache is out-of-date. Trying to update.
2024-09-25 21:18:38,035 [Worker-2: Loading available Gradle versions] INFO  o.e.b.c.i.u.g.PublishedGradleVersions - Gradle version information cache is up-to-date. Trying to read.
2024-09-26 09:39:35,481 [Worker-2: Loading available Gradle versions] INFO  o.e.b.c.i.u.g.PublishedGradleVersions - Gradle version information cache is up-to-date. Trying to read.
2024-09-26 10:17:25,851 [Worker-12: Launching mavenrun-9a8093a2-70c9-40df-a6a5-dbd69e4ade3e] INFO  o.eclipse.m2e.core.internal.Bundles - getClasspathEntries(Bundle=org.eclipse.m2e.maven.runtime_3.9.900.20240824-1409 [1065])
2024-09-26 10:17:25,855 [Worker-12: Launching mavenrun-9a8093a2-70c9-40df-a6a5-dbd69e4ade3e] INFO  o.eclipse.m2e.core.internal.Bundles - 	Entry: C:\Users\tufai\.p2\pool\plugins\org.eclipse.m2e.maven.runtime_3.9.900.20240824-1409
2024-09-26 10:17:25,858 [Worker-12: Launching mavenrun-9a8093a2-70c9-40df-a6a5-dbd69e4ade3e] INFO  o.eclipse.m2e.core.internal.Bundles - 	Entry: C:\Users\tufai\.p2\pool\plugins\org.eclipse.m2e.maven.runtime_3.9.900.20240824-1409\jars\aopalliance-1.0.jar
2024-09-26 10:17:25,858 [Worker-12: Launching mavenrun-9a8093a2-70c9-40df-a6a5-dbd69e4ade3e] INFO  o.eclipse.m2e.core.internal.Bundles - 	Entry: C:\Users\tufai\.p2\pool\plugins\org.eclipse.m2e.maven.runtime_3.9.900.20240824-1409\jars\guice-5.1.0.jar
2024-09-26 10:17:25,858 [Worker-12: Launching mavenrun-9a8093a2-70c9-40df-a6a5-dbd69e4ade3e] INFO  o.eclipse.m2e.core.internal.Bundles - 	Entry: C:\Users\tufai\.p2\pool\plugins\org.eclipse.m2e.maven.runtime_3.9.900.20240824-1409\jars\httpclient-4.5.14.jar
2024-09-26 10:17:25,858 [Worker-12: Launching mavenrun-9a8093a2-70c9-40df-a6a5-dbd69e4ade3e] INFO  o.eclipse.m2e.core.internal.Bundles - 	Entry: C:\Users\tufai\.p2\pool\plugins\org.eclipse.m2e.maven.runtime_3.9.900.20240824-1409\jars\httpcore-4.4.16.jar
2024-09-26 10:17:25,859 [Worker-12: Launching mavenrun-9a8093a2-70c9-40df-a6a5-dbd69e4ade3e] INFO  o.eclipse.m2e.core.internal.Bundles - 	Entry: C:\Users\tufai\.p2\pool\plugins\org.eclipse.m2e.maven.runtime_3.9.900.20240824-1409\jars\jansi-2.4.1.jar
2024-09-26 10:17:25,859 [Worker-12: Launching mavenrun-9a8093a2-70c9-40df-a6a5-dbd69e4ade3e] INFO  o.eclipse.m2e.core.internal.Bundles - 	Entry: C:\Users\tufai\.p2\pool\plugins\org.eclipse.m2e.maven.runtime_3.9.900.20240824-1409\jars\jcl-over-slf4j-1.7.36.jar
2024-09-26 10:17:25,859 [Worker-12: Launching mavenrun-9a8093a2-70c9-40df-a6a5-dbd69e4ade3e] INFO  o.eclipse.m2e.core.internal.Bundles - 	Entry: C:\Users\tufai\.p2\pool\plugins\org.eclipse.m2e.maven.runtime_3.9.900.20240824-1409\jars\maven-artifact-3.9.9.jar
2024-09-26 10:17:25,859 [Worker-12: Launching mavenrun-9a8093a2-70c9-40df-a6a5-dbd69e4ade3e] INFO  o.eclipse.m2e.core.internal.Bundles - 	Entry: C:\Users\tufai\.p2\pool\plugins\org.eclipse.m2e.maven.runtime_3.9.900.20240824-1409\jars\maven-builder-support-3.9.9.jar
2024-09-26 10:17:25,859 [Worker-12: Launching mavenrun-9a8093a2-70c9-40df-a6a5-dbd69e4ade3e] INFO  o.eclipse.m2e.core.internal.Bundles - 	Entry: C:\Users\tufai\.p2\pool\plugins\org.eclipse.m2e.maven.runtime_3.9.900.20240824-1409\jars\maven-compat-3.9.9.jar
2024-09-26 10:17:25,860 [Worker-12: Launching mavenrun-9a8093a2-70c9-40df-a6a5-dbd69e4ade3e] INFO  o.eclipse.m2e.core.internal.Bundles - 	Entry: C:\Users\tufai\.p2\pool\plugins\org.eclipse.m2e.maven.runtime_3.9.900.20240824-1409\jars\maven-core-3.9.9.jar
2024-09-26 10:17:25,860 [Worker-12: Launching mavenrun-9a8093a2-70c9-40df-a6a5-dbd69e4ade3e] INFO  o.eclipse.m2e.core.internal.Bundles - 	Entry: C:\Users\tufai\.p2\pool\plugins\org.eclipse.m2e.maven.runtime_3.9.900.20240824-1409\jars\maven-embedder-3.9.9.jar
2024-09-26 10:17:25,860 [Worker-12: Launching mavenrun-9a8093a2-70c9-40df-a6a5-dbd69e4ade3e] INFO  o.eclipse.m2e.core.internal.Bundles - 	Entry: C:\Users\tufai\.p2\pool\plugins\org.eclipse.m2e.maven.runtime_3.9.900.20240824-1409\jars\maven-model-3.9.9.jar
2024-09-26 10:17:25,860 [Worker-12: Launching mavenrun-9a8093a2-70c9-40df-a6a5-dbd69e4ade3e] INFO  o.eclipse.m2e.core.internal.Bundles - 	Entry: C:\Users\tufai\.p2\pool\plugins\org.eclipse.m2e.maven.runtime_3.9.900.20240824-1409\jars\maven-model-builder-3.9.9.jar
2024-09-26 10:17:25,861 [Worker-12: Launching mavenrun-9a8093a2-70c9-40df-a6a5-dbd69e4ade3e] INFO  o.eclipse.m2e.core.internal.Bundles - 	Entry: C:\Users\tufai\.p2\pool\plugins\org.eclipse.m2e.maven.runtime_3.9.900.20240824-1409\jars\maven-plugin-api-3.9.9.jar
2024-09-26 10:17:25,861 [Worker-12: Launching mavenrun-9a8093a2-70c9-40df-a6a5-dbd69e4ade3e] INFO  o.eclipse.m2e.core.internal.Bundles - 	Entry: C:\Users\tufai\.p2\pool\plugins\org.eclipse.m2e.maven.runtime_3.9.900.20240824-1409\jars\maven-repository-metadata-3.9.9.jar
2024-09-26 10:17:25,861 [Worker-12: Launching mavenrun-9a8093a2-70c9-40df-a6a5-dbd69e4ade3e] INFO  o.eclipse.m2e.core.internal.Bundles - 	Entry: C:\Users\tufai\.p2\pool\plugins\org.eclipse.m2e.maven.runtime_3.9.900.20240824-1409\jars\maven-resolver-api-1.9.22.jar
2024-09-26 10:17:25,861 [Worker-12: Launching mavenrun-9a8093a2-70c9-40df-a6a5-dbd69e4ade3e] INFO  o.eclipse.m2e.core.internal.Bundles - 	Entry: C:\Users\tufai\.p2\pool\plugins\org.eclipse.m2e.maven.runtime_3.9.900.20240824-1409\jars\maven-resolver-connector-basic-1.9.22.jar
2024-09-26 10:17:25,862 [Worker-12: Launching mavenrun-9a8093a2-70c9-40df-a6a5-dbd69e4ade3e] INFO  o.eclipse.m2e.core.internal.Bundles - 	Entry: C:\Users\tufai\.p2\pool\plugins\org.eclipse.m2e.maven.runtime_3.9.900.20240824-1409\jars\maven-resolver-impl-1.9.22.jar
2024-09-26 10:17:25,862 [Worker-12: Launching mavenrun-9a8093a2-70c9-40df-a6a5-dbd69e4ade3e] INFO  o.eclipse.m2e.core.internal.Bundles - 	Entry: C:\Users\tufai\.p2\pool\plugins\org.eclipse.m2e.maven.runtime_3.9.900.20240824-1409\jars\maven-resolver-named-locks-1.9.22.jar
2024-09-26 10:17:25,862 [Worker-12: Launching mavenrun-9a8093a2-70c9-40df-a6a5-dbd69e4ade3e] INFO  o.eclipse.m2e.core.internal.Bundles - 	Entry: C:\Users\tufai\.p2\pool\plugins\org.eclipse.m2e.maven.runtime_3.9.900.20240824-1409\jars\maven-resolver-provider-3.9.9.jar
2024-09-26 10:17:25,862 [Worker-12: Launching mavenrun-9a8093a2-70c9-40df-a6a5-dbd69e4ade3e] INFO  o.eclipse.m2e.core.internal.Bundles - 	Entry: C:\Users\tufai\.p2\pool\plugins\org.eclipse.m2e.maven.runtime_3.9.900.20240824-1409\jars\maven-resolver-spi-1.9.22.jar
2024-09-26 10:17:25,863 [Worker-12: Launching mavenrun-9a8093a2-70c9-40df-a6a5-dbd69e4ade3e] INFO  o.eclipse.m2e.core.internal.Bundles - 	Entry: C:\Users\tufai\.p2\pool\plugins\org.eclipse.m2e.maven.runtime_3.9.900.20240824-1409\jars\maven-resolver-transport-file-1.9.22.jar
2024-09-26 10:17:25,863 [Worker-12: Launching mavenrun-9a8093a2-70c9-40df-a6a5-dbd69e4ade3e] INFO  o.eclipse.m2e.core.internal.Bundles - 	Entry: C:\Users\tufai\.p2\pool\plugins\org.eclipse.m2e.maven.runtime_3.9.900.20240824-1409\jars\maven-resolver-transport-http-1.9.22.jar
2024-09-26 10:17:25,863 [Worker-12: Launching mavenrun-9a8093a2-70c9-40df-a6a5-dbd69e4ade3e] INFO  o.eclipse.m2e.core.internal.Bundles - 	Entry: C:\Users\tufai\.p2\pool\plugins\org.eclipse.m2e.maven.runtime_3.9.900.20240824-1409\jars\maven-resolver-transport-wagon-1.9.22.jar
2024-09-26 10:17:25,863 [Worker-12: Launching mavenrun-9a8093a2-70c9-40df-a6a5-dbd69e4ade3e] INFO  o.eclipse.m2e.core.internal.Bundles - 	Entry: C:\Users\tufai\.p2\pool\plugins\org.eclipse.m2e.maven.runtime_3.9.900.20240824-1409\jars\maven-resolver-util-1.9.22.jar
2024-09-26 10:17:25,863 [Worker-12: Launching mavenrun-9a8093a2-70c9-40df-a6a5-dbd69e4ade3e] INFO  o.eclipse.m2e.core.internal.Bundles - 	Entry: C:\Users\tufai\.p2\pool\plugins\org.eclipse.m2e.maven.runtime_3.9.900.20240824-1409\jars\maven-settings-3.9.9.jar
2024-09-26 10:17:25,864 [Worker-12: Launching mavenrun-9a8093a2-70c9-40df-a6a5-dbd69e4ade3e] INFO  o.eclipse.m2e.core.internal.Bundles - 	Entry: C:\Users\tufai\.p2\pool\plugins\org.eclipse.m2e.maven.runtime_3.9.900.20240824-1409\jars\maven-settings-builder-3.9.9.jar
2024-09-26 10:17:25,864 [Worker-12: Launching mavenrun-9a8093a2-70c9-40df-a6a5-dbd69e4ade3e] INFO  o.eclipse.m2e.core.internal.Bundles - 	Entry: C:\Users\tufai\.p2\pool\plugins\org.eclipse.m2e.maven.runtime_3.9.900.20240824-1409\jars\maven-shared-utils-3.4.2.jar
2024-09-26 10:17:25,864 [Worker-12: Launching mavenrun-9a8093a2-70c9-40df-a6a5-dbd69e4ade3e] INFO  o.eclipse.m2e.core.internal.Bundles - 	Entry: C:\Users\tufai\.p2\pool\plugins\org.eclipse.m2e.maven.runtime_3.9.900.20240824-1409\jars\org.eclipse.sisu.inject-0.9.0.M3.jar
2024-09-26 10:17:25,864 [Worker-12: Launching mavenrun-9a8093a2-70c9-40df-a6a5-dbd69e4ade3e] INFO  o.eclipse.m2e.core.internal.Bundles - 	Entry: C:\Users\tufai\.p2\pool\plugins\org.eclipse.m2e.maven.runtime_3.9.900.20240824-1409\jars\org.eclipse.sisu.plexus-0.9.0.M3.jar
2024-09-26 10:17:25,865 [Worker-12: Launching mavenrun-9a8093a2-70c9-40df-a6a5-dbd69e4ade3e] INFO  o.eclipse.m2e.core.internal.Bundles - 	Entry: C:\Users\tufai\.p2\pool\plugins\org.eclipse.m2e.maven.runtime_3.9.900.20240824-1409\jars\plexus-build-api-0.0.7.jar
2024-09-26 10:17:25,865 [Worker-12: Launching mavenrun-9a8093a2-70c9-40df-a6a5-dbd69e4ade3e] INFO  o.eclipse.m2e.core.internal.Bundles - 	Entry: C:\Users\tufai\.p2\pool\plugins\org.eclipse.m2e.maven.runtime_3.9.900.20240824-1409\jars\plexus-build-api-1.2.0.jar
2024-09-26 10:17:25,865 [Worker-12: Launching mavenrun-9a8093a2-70c9-40df-a6a5-dbd69e4ade3e] INFO  o.eclipse.m2e.core.internal.Bundles - 	Entry: C:\Users\tufai\.p2\pool\plugins\org.eclipse.m2e.maven.runtime_3.9.900.20240824-1409\jars\plexus-cipher-2.0.jar
2024-09-26 10:17:25,866 [Worker-12: Launching mavenrun-9a8093a2-70c9-40df-a6a5-dbd69e4ade3e] INFO  o.eclipse.m2e.core.internal.Bundles - 	Entry: C:\Users\tufai\.p2\pool\plugins\org.eclipse.m2e.maven.runtime_3.9.900.20240824-1409\jars\plexus-classworlds-2.8.0.jar
2024-09-26 10:17:25,867 [Worker-12: Launching mavenrun-9a8093a2-70c9-40df-a6a5-dbd69e4ade3e] INFO  o.eclipse.m2e.core.internal.Bundles - 	Entry: C:\Users\tufai\.p2\pool\plugins\org.eclipse.m2e.maven.runtime_3.9.900.20240824-1409\jars\plexus-component-annotations-2.1.0.jar
2024-09-26 10:17:25,868 [Worker-12: Launching mavenrun-9a8093a2-70c9-40df-a6a5-dbd69e4ade3e] INFO  o.eclipse.m2e.core.internal.Bundles - 	Entry: C:\Users\tufai\.p2\pool\plugins\org.eclipse.m2e.maven.runtime_3.9.900.20240824-1409\jars\plexus-interpolation-1.27.jar
2024-09-26 10:17:25,868 [Worker-12: Launching mavenrun-9a8093a2-70c9-40df-a6a5-dbd69e4ade3e] INFO  o.eclipse.m2e.core.internal.Bundles - 	Entry: C:\Users\tufai\.p2\pool\plugins\org.eclipse.m2e.maven.runtime_3.9.900.20240824-1409\jars\plexus-sec-dispatcher-2.0.jar
2024-09-26 10:17:25,868 [Worker-12: Launching mavenrun-9a8093a2-70c9-40df-a6a5-dbd69e4ade3e] INFO  o.eclipse.m2e.core.internal.Bundles - 	Entry: C:\Users\tufai\.p2\pool\plugins\org.eclipse.m2e.maven.runtime_3.9.900.20240824-1409\jars\plexus-utils-3.5.1.jar
2024-09-26 10:17:25,868 [Worker-12: Launching mavenrun-9a8093a2-70c9-40df-a6a5-dbd69e4ade3e] INFO  o.eclipse.m2e.core.internal.Bundles - 	Entry: C:\Users\tufai\.p2\pool\plugins\org.eclipse.m2e.maven.runtime_3.9.900.20240824-1409\jars\plexus-xml-3.0.1.jar
2024-09-26 10:17:25,869 [Worker-12: Launching mavenrun-9a8093a2-70c9-40df-a6a5-dbd69e4ade3e] INFO  o.eclipse.m2e.core.internal.Bundles - 	Entry: C:\Users\tufai\.p2\pool\plugins\org.eclipse.m2e.maven.runtime_3.9.900.20240824-1409\jars\wagon-file-3.5.3.jar
2024-09-26 10:17:25,869 [Worker-12: Launching mavenrun-9a8093a2-70c9-40df-a6a5-dbd69e4ade3e] INFO  o.eclipse.m2e.core.internal.Bundles - 	Entry: C:\Users\tufai\.p2\pool\plugins\org.eclipse.m2e.maven.runtime_3.9.900.20240824-1409\jars\wagon-http-3.5.3.jar
2024-09-26 10:17:25,869 [Worker-12: Launching mavenrun-9a8093a2-70c9-40df-a6a5-dbd69e4ade3e] INFO  o.eclipse.m2e.core.internal.Bundles - 	Entry: C:\Users\tufai\.p2\pool\plugins\org.eclipse.m2e.maven.runtime_3.9.900.20240824-1409\jars\wagon-http-shared-3.5.3.jar
2024-09-26 10:17:25,869 [Worker-12: Launching mavenrun-9a8093a2-70c9-40df-a6a5-dbd69e4ade3e] INFO  o.eclipse.m2e.core.internal.Bundles - 	Entry: C:\Users\tufai\.p2\pool\plugins\org.eclipse.m2e.maven.runtime_3.9.900.20240824-1409\jars\wagon-provider-api-3.5.3.jar
2024-09-26 10:17:25,872 [Worker-12: Launching mavenrun-9a8093a2-70c9-40df-a6a5-dbd69e4ade3e] INFO  o.eclipse.m2e.core.internal.Bundles - getClasspathEntries(Bundle=com.google.guava_33.3.0.jre [1051])
2024-09-26 10:17:25,874 [Worker-12: Launching mavenrun-9a8093a2-70c9-40df-a6a5-dbd69e4ade3e] INFO  o.eclipse.m2e.core.internal.Bundles - 	Entry: C:\Users\tufai\.p2\pool\plugins\com.google.guava_33.3.0.jre.jar
2024-09-26 10:17:25,874 [Worker-12: Launching mavenrun-9a8093a2-70c9-40df-a6a5-dbd69e4ade3e] INFO  o.eclipse.m2e.core.internal.Bundles - getClasspathEntries(Bundle=slf4j.api_2.0.16 [1007])
2024-09-26 10:17:25,874 [Worker-12: Launching mavenrun-9a8093a2-70c9-40df-a6a5-dbd69e4ade3e] INFO  o.eclipse.m2e.core.internal.Bundles - 	Entry: C:\Users\tufai\.p2\pool\plugins\slf4j.api_2.0.16.jar
2024-09-26 10:17:25,875 [Worker-12: Launching mavenrun-9a8093a2-70c9-40df-a6a5-dbd69e4ade3e] INFO  o.eclipse.m2e.core.internal.Bundles - getClasspathEntries(Bundle=javax.inject_1.0.0.v20220405-0441 [1057])
2024-09-26 10:17:25,877 [Worker-12: Launching mavenrun-9a8093a2-70c9-40df-a6a5-dbd69e4ade3e] INFO  o.eclipse.m2e.core.internal.Bundles - 	Entry: C:\Users\tufai\.p2\pool\plugins\javax.inject_1.0.0.v20220405-0441.jar
2024-09-26 10:17:25,878 [Worker-12: Launching mavenrun-9a8093a2-70c9-40df-a6a5-dbd69e4ade3e] INFO  o.eclipse.m2e.core.internal.Bundles - getClasspathEntries(Bundle=javax.annotation_1.3.5.v20230504-0748 [1056])
2024-09-26 10:17:25,878 [Worker-12: Launching mavenrun-9a8093a2-70c9-40df-a6a5-dbd69e4ade3e] INFO  o.eclipse.m2e.core.internal.Bundles - 	Entry: C:\Users\tufai\.p2\pool\plugins\javax.annotation_1.3.5.v20230504-0748.jar
2024-09-26 10:17:25,878 [Worker-12: Launching mavenrun-9a8093a2-70c9-40df-a6a5-dbd69e4ade3e] INFO  o.eclipse.m2e.core.internal.Bundles - getClasspathEntries(Bundle=org.apache.commons.cli_1.9.0 [1059])
2024-09-26 10:17:25,879 [Worker-12: Launching mavenrun-9a8093a2-70c9-40df-a6a5-dbd69e4ade3e] INFO  o.eclipse.m2e.core.internal.Bundles - 	Entry: C:\Users\tufai\.p2\pool\plugins\org.apache.commons.cli_1.9.0.jar
2024-09-26 10:17:25,879 [Worker-12: Launching mavenrun-9a8093a2-70c9-40df-a6a5-dbd69e4ade3e] INFO  o.eclipse.m2e.core.internal.Bundles - getClasspathEntries(Bundle=org.apache.commons.commons-codec_1.16.0 [81])
2024-09-26 10:17:25,879 [Worker-12: Launching mavenrun-9a8093a2-70c9-40df-a6a5-dbd69e4ade3e] INFO  o.eclipse.m2e.core.internal.Bundles - 	Entry: C:\Users\tufai\.p2\pool\plugins\org.apache.commons.commons-codec_1.16.0.jar
2024-09-26 10:17:25,879 [Worker-12: Launching mavenrun-9a8093a2-70c9-40df-a6a5-dbd69e4ade3e] INFO  o.eclipse.m2e.core.internal.Bundles - getClasspathEntries(Bundle=com.google.guava.failureaccess_1.0.2 [17])
2024-09-26 10:17:25,880 [Worker-12: Launching mavenrun-9a8093a2-70c9-40df-a6a5-dbd69e4ade3e] INFO  o.eclipse.m2e.core.internal.Bundles - 	Entry: C:\Users\tufai\.p2\pool\plugins\com.google.guava.failureaccess_1.0.2.jar
2024-09-26 10:17:25,920 [Worker-12: Launching mavenrun-9a8093a2-70c9-40df-a6a5-dbd69e4ade3e] INFO  o.e.m.i.launch.MavenLaunchDelegate - Run build in "C:\Users\tufai\AppData\Local\Temp\m2e-archetypeGenerator3305991958509713500":
2024-09-26 10:17:25,924 [Worker-12: Launching mavenrun-9a8093a2-70c9-40df-a6a5-dbd69e4ade3e] INFO  o.e.m.i.launch.MavenLaunchDelegate -  mvn  -DarchetypeGroupId=org.apache.maven.archetypes -DarchetypeArtifactId=maven-archetype-quickstart -DarchetypeVersion=1.1 -DgroupId=com.training -DartifactId=kafka-java -Dversion=0.0.1-SNAPSHOT -Dpackage=com.training -DoutputDirectory=E:\Trainings\2024\10.OFSS\ofss202406 -B -Dstyle.color=always -U archetype:generate
2024-09-26 10:17:39,511 [Worker-17: Creating maven-archetype-quickstart] INFO  o.e.m.c.i.p.ProjectConfigurationManager - Collecting project info '/pom.xml' E:\Trainings\2024\10.OFSS\ofss202406\kafka-java\pom.xml
2024-09-26 10:17:40,856 [Worker-17: Creating maven-archetype-quickstart] INFO  o.e.m.c.i.l.LifecycleMappingFactory - Using org.eclipse.m2e.jdt.JarLifecycleMapping lifecycle mapping for MavenProject: com.training:kafka-java:0.0.1-SNAPSHOT @ E:\Trainings\2024\10.OFSS\ofss202406\kafka-java\pom.xml.
2024-09-26 10:17:42,224 [Worker-17: Creating maven-archetype-quickstart] INFO  o.e.m.j.i.AbstractJavaProjectConfigurator - Adding source folder /kafka-java/src/main/java
2024-09-26 10:17:42,228 [Worker-17: Creating maven-archetype-quickstart] INFO  o.e.m.j.i.AbstractJavaProjectConfigurator - Adding resource folder /kafka-java/src/main/resources
2024-09-26 10:17:42,260 [Worker-17: Creating maven-archetype-quickstart] INFO  o.e.m.j.i.AbstractJavaProjectConfigurator - Adding source folder /kafka-java/src/test/java
2024-09-26 10:17:42,261 [Worker-17: Creating maven-archetype-quickstart] INFO  o.e.m.j.i.AbstractJavaProjectConfigurator - Adding resource folder /kafka-java/src/test/resources
2024-09-26 10:17:42,608 [Worker-17: Creating maven-archetype-quickstart] INFO  o.e.m.c.i.p.ProjectConfigurationManager - Imported and configured 1 project(s) in 3 sec
2024-09-26 10:17:45,070 [Worker-8: Building] INFO  o.a.m.s.f.DefaultMavenResourcesFiltering - skip non existing resourceDirectory E:\Trainings\2024\10.OFSS\ofss202406\kafka-java\src\main\resources
2024-09-26 10:17:45,076 [Worker-8: Building] INFO  o.a.m.s.f.DefaultMavenResourcesFiltering - skip non existing resourceDirectory E:\Trainings\2024\10.OFSS\ofss202406\kafka-java\src\test\resources
2024-09-26 10:19:34,611 [Worker-17: Building] INFO  o.e.m.c.i.l.LifecycleMappingFactory - Using org.eclipse.m2e.jdt.JarLifecycleMapping lifecycle mapping for MavenProject: com.training:kafka-java:0.0.1-SNAPSHOT @ E:\Trainings\2024\10.OFSS\ofss202406\kafka-java\pom.xml.
2024-09-26 10:19:35,043 [Worker-17: Building] INFO  o.a.m.s.f.DefaultMavenResourcesFiltering - skip non existing resourceDirectory E:\Trainings\2024\10.OFSS\ofss202406\kafka-java\src\main\resources
2024-09-26 10:19:35,051 [Worker-17: Building] INFO  o.a.m.s.f.DefaultMavenResourcesFiltering - skip non existing resourceDirectory E:\Trainings\2024\10.OFSS\ofss202406\kafka-java\src\test\resources
2024-09-26 10:19:37,377 [Worker-21: Building] INFO  o.a.m.s.f.DefaultMavenResourcesFiltering - skip non existing resourceDirectory E:\Trainings\2024\10.OFSS\ofss202406\kafka-java\src\main\resources
2024-09-26 10:19:37,381 [Worker-21: Building] INFO  o.a.m.s.f.DefaultMavenResourcesFiltering - skip non existing resourceDirectory E:\Trainings\2024\10.OFSS\ofss202406\kafka-java\src\test\resources
